[0m13:25:40.972633 [debug] [MainThread]: Sending event: {'category': 'dbt', 'action': 'invocation', 'label': 'start', 'context': [<snowplow_tracker.self_describing_json.SelfDescribingJson object at 0x774b53c55150>, <snowplow_tracker.self_describing_json.SelfDescribingJson object at 0x774b50ff4d90>, <snowplow_tracker.self_describing_json.SelfDescribingJson object at 0x774b50fd4890>]}


============================== 13:25:40.982552 | afc95108-a37d-463d-be11-6bd176631189 ==============================
[0m13:25:40.982552 [info ] [MainThread]: Running with dbt=1.11.7
[0m13:25:40.984121 [debug] [MainThread]: running dbt with arguments {'fail_fast': 'False', 'profiles_dir': '/home/waleed/.dbt', 'log_path': 'logs', 'indirect_selection': 'eager', 'quiet': 'False', 'target_path': 'None', 'log_cache_events': 'False', 'use_colors': 'True', 'send_anonymous_usage_stats': 'True', 'partial_parse': 'True', 'debug': 'False', 'warn_error_options': 'WarnErrorOptionsV2(error=[], warn=[], silence=[])', 'no_print': 'None', 'log_format': 'default', 'static_parser': 'True', 'write_json': 'True', 'introspect': 'True', 'version_check': 'True', 'invocation_command': 'dbt debug', 'use_experimental_parser': 'False', 'empty': 'None', 'warn_error': 'None', 'printer_width': '80', 'cache_selected_only': 'False'}
[0m13:25:41.023544 [info ] [MainThread]: dbt version: 1.11.7
[0m13:25:41.027710 [info ] [MainThread]: python version: 3.11.14
[0m13:25:41.030772 [info ] [MainThread]: python path: /home/waleed/my-etl-pipeline/.venv/bin/python
[0m13:25:41.032463 [info ] [MainThread]: os info: Linux-6.6.87.2-microsoft-standard-WSL2-x86_64-with-glibc2.39
[0m13:25:41.202803 [info ] [MainThread]: Using profiles dir at /home/waleed/.dbt
[0m13:25:41.204875 [info ] [MainThread]: Using profiles.yml file at /home/waleed/.dbt/profiles.yml
[0m13:25:41.206021 [info ] [MainThread]: Using dbt_project.yml file at /home/waleed/my-etl-pipeline/shopflow/dbt/dbt_project.yml
[0m13:25:41.207433 [info ] [MainThread]: adapter type: postgres
[0m13:25:41.208761 [info ] [MainThread]: adapter version: 1.10.0
[0m13:25:41.210344 [info ] [MainThread]: Configuration:
[0m13:25:41.211514 [info ] [MainThread]:   profiles.yml file [[32mOK found and valid[0m]
[0m13:25:41.213060 [info ] [MainThread]:   dbt_project.yml file [[31mERROR not found[0m]
[0m13:25:41.215853 [info ] [MainThread]: Required dependencies:
[0m13:25:41.218618 [debug] [MainThread]: Executing "git --help"
[0m13:25:41.225147 [debug] [MainThread]: STDOUT: "b"usage: git [-v | --version] [-h | --help] [-C <path>] [-c <name>=<value>]\n           [--exec-path[=<path>]] [--html-path] [--man-path] [--info-path]\n           [-p | --paginate | -P | --no-pager] [--no-replace-objects] [--bare]\n           [--git-dir=<path>] [--work-tree=<path>] [--namespace=<name>]\n           [--config-env=<name>=<envvar>] <command> [<args>]\n\nThese are common Git commands used in various situations:\n\nstart a working area (see also: git help tutorial)\n   clone     Clone a repository into a new directory\n   init      Create an empty Git repository or reinitialize an existing one\n\nwork on the current change (see also: git help everyday)\n   add       Add file contents to the index\n   mv        Move or rename a file, a directory, or a symlink\n   restore   Restore working tree files\n   rm        Remove files from the working tree and from the index\n\nexamine the history and state (see also: git help revisions)\n   bisect    Use binary search to find the commit that introduced a bug\n   diff      Show changes between commits, commit and working tree, etc\n   grep      Print lines matching a pattern\n   log       Show commit logs\n   show      Show various types of objects\n   status    Show the working tree status\n\ngrow, mark and tweak your common history\n   branch    List, create, or delete branches\n   commit    Record changes to the repository\n   merge     Join two or more development histories together\n   rebase    Reapply commits on top of another base tip\n   reset     Reset current HEAD to the specified state\n   switch    Switch branches\n   tag       Create, list, delete or verify a tag object signed with GPG\n\ncollaborate (see also: git help workflows)\n   fetch     Download objects and refs from another repository\n   pull      Fetch from and integrate with another repository or a local branch\n   push      Update remote refs along with associated objects\n\n'git help -a' and 'git help -g' list available subcommands and some\nconcept guides. See 'git help <command>' or 'git help <concept>'\nto read about a specific subcommand or concept.\nSee 'git help git' for an overview of the system.\n""
[0m13:25:41.228224 [debug] [MainThread]: STDERR: "b''"
[0m13:25:41.229974 [info ] [MainThread]:  - git [[32mOK found[0m]

[0m13:25:41.232000 [info ] [MainThread]: Connection:
[0m13:25:41.235886 [info ] [MainThread]:   host: localhost
[0m13:25:41.242142 [info ] [MainThread]:   port: 5432
[0m13:25:41.245453 [info ] [MainThread]:   user: postgres
[0m13:25:41.247655 [info ] [MainThread]:   database: shopflow
[0m13:25:41.249462 [info ] [MainThread]:   schema: bronze
[0m13:25:41.252330 [info ] [MainThread]:   connect_timeout: 10
[0m13:25:41.255673 [info ] [MainThread]:   role: None
[0m13:25:41.258571 [info ] [MainThread]:   search_path: None
[0m13:25:41.262013 [info ] [MainThread]:   keepalives_idle: 0
[0m13:25:41.264127 [info ] [MainThread]:   sslmode: None
[0m13:25:41.266709 [info ] [MainThread]:   sslcert: None
[0m13:25:41.272028 [info ] [MainThread]:   sslkey: None
[0m13:25:41.278604 [info ] [MainThread]:   sslrootcert: None
[0m13:25:41.280766 [info ] [MainThread]:   application_name: dbt
[0m13:25:41.282831 [info ] [MainThread]:   retries: 1
[0m13:25:41.285332 [info ] [MainThread]: Registered adapter: postgres=1.10.0
[0m13:25:41.502802 [debug] [MainThread]: Acquiring new postgres connection 'debug'
[0m13:25:41.576549 [debug] [MainThread]: Using postgres connection "debug"
[0m13:25:41.577989 [debug] [MainThread]: On debug: select 1 as id
[0m13:25:41.578918 [debug] [MainThread]: Opening a new connection, currently in state init
[0m13:25:41.609410 [debug] [MainThread]: SQL status: SELECT 1 in 0.030 seconds
[0m13:25:41.611683 [debug] [MainThread]: On debug: Close
[0m13:25:41.612993 [info ] [MainThread]:   Connection test: [[32mOK connection ok[0m]

[0m13:25:41.614076 [info ] [MainThread]: [31m1 check failed:[0m
[0m13:25:41.614872 [info ] [MainThread]: Project loading failed for the following reason:
 project path </home/waleed/my-etl-pipeline/shopflow/dbt/dbt_project.yml> not found

[0m13:25:41.616967 [debug] [MainThread]: Resource report: {"command_name": "debug", "command_success": false, "command_wall_clock_time": 0.8420288, "process_in_blocks": "1568", "process_kernel_time": 1.202294, "process_mem_max_rss": "112804", "process_out_blocks": "24", "process_user_time": 4.58949}
[0m13:25:41.618649 [debug] [MainThread]: Command `dbt debug` failed at 13:25:41.618208 after 0.84 seconds
[0m13:25:41.620222 [debug] [MainThread]: Connection 'debug' was properly closed.
[0m13:25:41.621165 [debug] [MainThread]: Sending event: {'category': 'dbt', 'action': 'invocation', 'label': 'end', 'context': [<snowplow_tracker.self_describing_json.SelfDescribingJson object at 0x774b50fbf190>, <snowplow_tracker.self_describing_json.SelfDescribingJson object at 0x774b5092aa90>, <snowplow_tracker.self_describing_json.SelfDescribingJson object at 0x774b50505350>]}
[0m13:25:41.622273 [debug] [MainThread]: Flushing usage events
[0m13:25:43.427204 [debug] [MainThread]: An error was encountered while trying to flush usage events
[0m13:27:20.899358 [debug] [MainThread]: Sending event: {'category': 'dbt', 'action': 'invocation', 'label': 'start', 'context': [<snowplow_tracker.self_describing_json.SelfDescribingJson object at 0x7d71459f5790>, <snowplow_tracker.self_describing_json.SelfDescribingJson object at 0x7d71459f4e10>, <snowplow_tracker.self_describing_json.SelfDescribingJson object at 0x7d71459bc1d0>]}


============================== 13:27:20.913774 | dbb70c90-1660-4137-bb67-f6e4db5af69a ==============================
[0m13:27:20.913774 [info ] [MainThread]: Running with dbt=1.11.7
[0m13:27:20.915579 [debug] [MainThread]: running dbt with arguments {'indirect_selection': 'eager', 'send_anonymous_usage_stats': 'True', 'empty': 'None', 'partial_parse': 'True', 'quiet': 'False', 'target_path': 'None', 'warn_error': 'None', 'fail_fast': 'False', 'static_parser': 'True', 'printer_width': '80', 'introspect': 'True', 'log_path': 'logs', 'log_format': 'default', 'invocation_command': 'dbt init shopflow_dbt', 'debug': 'False', 'log_cache_events': 'False', 'use_experimental_parser': 'False', 'profiles_dir': '/home/waleed/.dbt', 'version_check': 'True', 'use_colors': 'True', 'write_json': 'True', 'cache_selected_only': 'False', 'no_print': 'None', 'warn_error_options': 'WarnErrorOptionsV2(error=[], warn=[], silence=[])'}
[0m13:27:20.950466 [debug] [MainThread]: Starter project path: /home/waleed/my-etl-pipeline/.venv/lib/python3.11/site-packages/dbt/include/starter_project
[0m13:27:20.984687 [info ] [MainThread]: 
Your new dbt project "shopflow_dbt" was created!

For more information on how to configure the profiles.yml file,
please consult the dbt documentation here:

  https://docs.getdbt.com/docs/configure-your-profile

One more thing:

Need help? Don't hesitate to reach out to us via GitHub issues or on Slack:

  https://community.getdbt.com/

Happy modeling!

[0m13:27:20.986642 [info ] [MainThread]: Setting up your profile.
[0m13:28:26.108504 [info ] [MainThread]: Profile shopflow_dbt written to /home/waleed/.dbt/profiles.yml using target's profile_template.yml and your supplied values. Run 'dbt debug' to validate the connection.
[0m13:28:26.112065 [debug] [MainThread]: Resource report: {"command_name": "init", "command_success": true, "command_wall_clock_time": 65.55515, "process_in_blocks": "0", "process_kernel_time": 0.88385, "process_mem_max_rss": "104344", "process_out_blocks": "88", "process_user_time": 5.509876}
[0m13:28:26.113495 [debug] [MainThread]: Command `dbt init` succeeded at 13:28:26.113100 after 65.56 seconds
[0m13:28:26.115370 [debug] [MainThread]: Sending event: {'category': 'dbt', 'action': 'invocation', 'label': 'end', 'context': [<snowplow_tracker.self_describing_json.SelfDescribingJson object at 0x7d7149e20dd0>, <snowplow_tracker.self_describing_json.SelfDescribingJson object at 0x7d7145a21fd0>, <snowplow_tracker.self_describing_json.SelfDescribingJson object at 0x7d7145a23750>]}
[0m13:28:26.117356 [debug] [MainThread]: Flushing usage events
[0m13:28:28.448366 [debug] [MainThread]: An error was encountered while trying to flush usage events
