[0m13:22:24.509957 [debug] [MainThread]: Sending event: {'category': 'dbt', 'action': 'invocation', 'label': 'start', 'context': [<snowplow_tracker.self_describing_json.SelfDescribingJson object at 0x7a18e798c410>, <snowplow_tracker.self_describing_json.SelfDescribingJson object at 0x7a18e79c4750>, <snowplow_tracker.self_describing_json.SelfDescribingJson object at 0x7a18e7989d90>]}


============================== 13:22:24.518225 | fd37485a-5eab-423f-96c9-379ec6191874 ==============================
[0m13:22:24.518225 [info ] [MainThread]: Running with dbt=1.11.7
[0m13:22:24.519885 [debug] [MainThread]: running dbt with arguments {'use_colors': 'True', 'cache_selected_only': 'False', 'quiet': 'False', 'log_path': 'logs', 'static_parser': 'True', 'version_check': 'True', 'send_anonymous_usage_stats': 'True', 'log_format': 'default', 'printer_width': '80', 'partial_parse': 'True', 'introspect': 'True', 'invocation_command': 'dbt init dbt', 'profiles_dir': '/home/waleed/.dbt', 'indirect_selection': 'eager', 'log_cache_events': 'False', 'empty': 'None', 'debug': 'False', 'no_print': 'None', 'fail_fast': 'False', 'warn_error': 'None', 'target_path': 'None', 'warn_error_options': 'WarnErrorOptionsV2(error=[], warn=[], silence=[])', 'write_json': 'True', 'use_experimental_parser': 'False'}
[0m13:22:24.543279 [info ] [MainThread]: Creating dbt configuration folder at /home/waleed/.dbt
[0m13:23:00.572850 [debug] [MainThread]: Starter project path: /home/waleed/my-etl-pipeline/.venv/lib/python3.11/site-packages/dbt/include/starter_project
[0m13:23:00.594165 [info ] [MainThread]: 
Your new dbt project "shopflow" was created!

For more information on how to configure the profiles.yml file,
please consult the dbt documentation here:

  https://docs.getdbt.com/docs/configure-your-profile

One more thing:

Need help? Don't hesitate to reach out to us via GitHub issues or on Slack:

  https://community.getdbt.com/

Happy modeling!

[0m13:23:00.596331 [info ] [MainThread]: Setting up your profile.
[0m13:24:41.995672 [info ] [MainThread]: Profile shopflow written to /home/waleed/.dbt/profiles.yml using target's profile_template.yml and your supplied values. Run 'dbt debug' to validate the connection.
[0m13:24:42.007581 [debug] [MainThread]: Resource report: {"command_name": "init", "command_success": true, "command_wall_clock_time": 137.64278, "process_in_blocks": "17808", "process_kernel_time": 1.058761, "process_mem_max_rss": "104160", "process_out_blocks": "88", "process_user_time": 4.591976}
[0m13:24:42.010632 [debug] [MainThread]: Command `dbt init` succeeded at 13:24:42.010140 after 137.65 seconds
[0m13:24:42.012604 [debug] [MainThread]: Sending event: {'category': 'dbt', 'action': 'invocation', 'label': 'end', 'context': [<snowplow_tracker.self_describing_json.SelfDescribingJson object at 0x7a18ebeab610>, <snowplow_tracker.self_describing_json.SelfDescribingJson object at 0x7a18ebd7e790>, <snowplow_tracker.self_describing_json.SelfDescribingJson object at 0x7a18ebd7e7d0>]}
[0m13:24:42.014672 [debug] [MainThread]: Flushing usage events
[0m13:24:44.281219 [debug] [MainThread]: An error was encountered while trying to flush usage events
